1734538079.922876 client started (9361): version 3.2a, socket /tmp/tmux-1000/default, protocol 8
1734538079.922967 on Linux 5.15.0-126-generic #136-Ubuntu SMP Wed Nov 6 10:38:22 UTC 2024
1734538079.922987 using libevent 2.1.12-stable (poll); ncurses 6.3
1734538079.923047 flags are 0x10010000
1734538079.923065 socket is /tmp/tmux-1000/default
1734538079.923105 trying connect
1734538079.923270 add peer 0x555e18109e40: 6 ((nil))
1734538079.924007 sending message 100 to peer 0x555e18109e40 (4 bytes)
1734538079.924032 sending message 111 to peer 0x555e18109e40 (8 bytes)
1734538079.924053 sending message 101 to peer 0x555e18109e40 (16 bytes)
1734538079.924073 sending message 109 to peer 0x555e18109e40 (4 bytes)
1734538079.924094 sending message 102 to peer 0x555e18109e40 (11 bytes)
1734538079.924115 sending message 108 to peer 0x555e18109e40 (21 bytes)
1734538079.924136 sending message 112 to peer 0x555e18109e40 (70 bytes)
1734538079.924158 sending message 112 to peer 0x555e18109e40 (5 bytes)
1734538079.924179 sending message 112 to peer 0x555e18109e40 (5 bytes)
1734538079.924200 sending message 112 to peer 0x555e18109e40 (6 bytes)
1734538079.924221 sending message 112 to peer 0x555e18109e40 (6 bytes)
1734538079.924242 sending message 112 to peer 0x555e18109e40 (11 bytes)
1734538079.924263 sending message 112 to peer 0x555e18109e40 (10 bytes)
1734538079.924283 sending message 112 to peer 0x555e18109e40 (13 bytes)
1734538079.924304 sending message 112 to peer 0x555e18109e40 (13 bytes)
1734538079.924325 sending message 112 to peer 0x555e18109e40 (18 bytes)
1734538079.924345 sending message 112 to peer 0x555e18109e40 (11 bytes)
1734538079.924366 sending message 112 to peer 0x555e18109e40 (21 bytes)
1734538079.924386 sending message 112 to peer 0x555e18109e40 (13 bytes)
1734538079.924408 sending message 112 to peer 0x555e18109e40 (7 bytes)
1734538079.924430 sending message 112 to peer 0x555e18109e40 (13 bytes)
1734538079.924451 sending message 112 to peer 0x555e18109e40 (7 bytes)
1734538079.924472 sending message 112 to peer 0x555e18109e40 (13 bytes)
1734538079.924492 sending message 112 to peer 0x555e18109e40 (9 bytes)
1734538079.924514 sending message 112 to peer 0x555e18109e40 (21 bytes)
1734538079.924534 sending message 112 to peer 0x555e18109e40 (13 bytes)
1734538079.924555 sending message 112 to peer 0x555e18109e40 (8 bytes)
1734538079.924576 sending message 112 to peer 0x555e18109e40 (12 bytes)
1734538079.924597 sending message 112 to peer 0x555e18109e40 (13 bytes)
1734538079.924618 sending message 112 to peer 0x555e18109e40 (9 bytes)
1734538079.924639 sending message 112 to peer 0x555e18109e40 (9 bytes)
1734538079.924660 sending message 112 to peer 0x555e18109e40 (12 bytes)
1734538079.924680 sending message 112 to peer 0x555e18109e40 (8 bytes)
1734538079.924701 sending message 112 to peer 0x555e18109e40 (7 bytes)
1734538079.924722 sending message 112 to peer 0x555e18109e40 (7 bytes)
1734538079.924743 sending message 112 to peer 0x555e18109e40 (9 bytes)
1734538079.924764 sending message 112 to peer 0x555e18109e40 (13 bytes)
1734538079.924784 sending message 112 to peer 0x555e18109e40 (9 bytes)
1734538079.924805 sending message 112 to peer 0x555e18109e40 (15 bytes)
1734538079.924825 sending message 112 to peer 0x555e18109e40 (13 bytes)
1734538079.924846 sending message 112 to peer 0x555e18109e40 (12 bytes)
1734538079.924867 sending message 112 to peer 0x555e18109e40 (8 bytes)
1734538079.924888 sending message 112 to peer 0x555e18109e40 (14 bytes)
1734538079.924908 sending message 112 to peer 0x555e18109e40 (9 bytes)
1734538079.924929 sending message 112 to peer 0x555e18109e40 (10 bytes)
1734538079.924950 sending message 112 to peer 0x555e18109e40 (10 bytes)
1734538079.924970 sending message 112 to peer 0x555e18109e40 (10 bytes)
1734538079.924991 sending message 112 to peer 0x555e18109e40 (10 bytes)
1734538079.925011 sending message 112 to peer 0x555e18109e40 (11 bytes)
1734538079.925032 sending message 112 to peer 0x555e18109e40 (10 bytes)
1734538079.925053 sending message 112 to peer 0x555e18109e40 (8 bytes)
1734538079.925074 sending message 112 to peer 0x555e18109e40 (11 bytes)
1734538079.925116 sending message 112 to peer 0x555e18109e40 (11 bytes)
1734538079.925137 sending message 112 to peer 0x555e18109e40 (11 bytes)
1734538079.925158 sending message 112 to peer 0x555e18109e40 (8 bytes)
1734538079.925178 sending message 112 to peer 0x555e18109e40 (8 bytes)
1734538079.925199 sending message 112 to peer 0x555e18109e40 (8 bytes)
1734538079.925220 sending message 112 to peer 0x555e18109e40 (10 bytes)
1734538079.925241 sending message 112 to peer 0x555e18109e40 (10 bytes)
1734538079.925262 sending message 112 to peer 0x555e18109e40 (10 bytes)
1734538079.925283 sending message 112 to peer 0x555e18109e40 (10 bytes)
1734538079.925304 sending message 112 to peer 0x555e18109e40 (10 bytes)
1734538079.925325 sending message 112 to peer 0x555e18109e40 (11 bytes)
1734538079.925346 sending message 112 to peer 0x555e18109e40 (11 bytes)
1734538079.925366 sending message 112 to peer 0x555e18109e40 (10 bytes)
1734538079.925387 sending message 112 to peer 0x555e18109e40 (9 bytes)
1734538079.925407 sending message 112 to peer 0x555e18109e40 (9 bytes)
1734538079.925428 sending message 112 to peer 0x555e18109e40 (12 bytes)
1734538079.925449 sending message 112 to peer 0x555e18109e40 (9 bytes)
1734538079.925470 sending message 112 to peer 0x555e18109e40 (6 bytes)
1734538079.925491 sending message 112 to peer 0x555e18109e40 (13 bytes)
1734538079.925512 sending message 112 to peer 0x555e18109e40 (8 bytes)
1734538079.925533 sending message 112 to peer 0x555e18109e40 (15 bytes)
1734538079.925554 sending message 112 to peer 0x555e18109e40 (13 bytes)
1734538079.925579 sending message 112 to peer 0x555e18109e40 (70 bytes)
1734538079.925601 sending message 112 to peer 0x555e18109e40 (69 bytes)
1734538079.925629 sending message 112 to peer 0x555e18109e40 (10 bytes)
1734538079.925647 sending message 112 to peer 0x555e18109e40 (8 bytes)
1734538079.925664 sending message 112 to peer 0x555e18109e40 (15 bytes)
1734538079.925681 sending message 112 to peer 0x555e18109e40 (13 bytes)
1734538079.925698 sending message 112 to peer 0x555e18109e40 (10 bytes)
1734538079.925715 sending message 112 to peer 0x555e18109e40 (10 bytes)
1734538079.925732 sending message 112 to peer 0x555e18109e40 (5 bytes)
1734538079.925749 sending message 112 to peer 0x555e18109e40 (15 bytes)
1734538079.925768 sending message 104 to peer 0x555e18109e40 (0 bytes)
1734538079.925788 sending message 110 to peer 0x555e18109e40 (0 bytes)
1734538079.925806 sending message 107 to peer 0x555e18109e40 (4 bytes)
1734538079.925823 sending message 105 to peer 0x555e18109e40 (16 bytes)
1734538079.925841 sending message 105 to peer 0x555e18109e40 (102 bytes)
1734538079.925858 sending message 105 to peer 0x555e18109e40 (19 bytes)
1734538079.925875 sending message 105 to peer 0x555e18109e40 (20 bytes)
1734538079.925892 sending message 105 to peer 0x555e18109e40 (47 bytes)
1734538079.925909 sending message 105 to peer 0x555e18109e40 (58 bytes)
1734538079.925926 sending message 105 to peer 0x555e18109e40 (60 bytes)
1734538079.925943 sending message 105 to peer 0x555e18109e40 (26 bytes)
1734538079.925960 sending message 105 to peer 0x555e18109e40 (44 bytes)
1734538079.925977 sending message 105 to peer 0x555e18109e40 (35 bytes)
1734538079.925994 sending message 105 to peer 0x555e18109e40 (18 bytes)
1734538079.926011 sending message 105 to peer 0x555e18109e40 (41 bytes)
1734538079.926028 sending message 105 to peer 0x555e18109e40 (23 bytes)
1734538079.926045 sending message 105 to peer 0x555e18109e40 (51 bytes)
1734538079.926062 sending message 105 to peer 0x555e18109e40 (25 bytes)
1734538079.926079 sending message 105 to peer 0x555e18109e40 (28 bytes)
1734538079.926096 sending message 105 to peer 0x555e18109e40 (15 bytes)
1734538079.926113 sending message 105 to peer 0x555e18109e40 (25 bytes)
1734538079.926130 sending message 105 to peer 0x555e18109e40 (13 bytes)
1734538079.926147 sending message 105 to peer 0x555e18109e40 (29 bytes)
1734538079.926164 sending message 105 to peer 0x555e18109e40 (27 bytes)
1734538079.926181 sending message 105 to peer 0x555e18109e40 (21 bytes)
1734538079.926216 sending message 105 to peer 0x555e18109e40 (52 bytes)
1734538079.926233 sending message 105 to peer 0x555e18109e40 (34 bytes)
1734538079.926250 sending message 105 to peer 0x555e18109e40 (48 bytes)
1734538079.926291 sending message 105 to peer 0x555e18109e40 (15 bytes)
1734538079.926315 sending message 105 to peer 0x555e18109e40 (16 bytes)
1734538079.926333 sending message 105 to peer 0x555e18109e40 (17 bytes)
1734538079.926366 sending message 105 to peer 0x555e18109e40 (1519 bytes)
1734538079.926387 sending message 105 to peer 0x555e18109e40 (31 bytes)
1734538079.926407 sending message 105 to peer 0x555e18109e40 (17 bytes)
1734538079.926424 sending message 105 to peer 0x555e18109e40 (52 bytes)
1734538079.926442 sending message 105 to peer 0x555e18109e40 (86 bytes)
1734538079.926459 sending message 105 to peer 0x555e18109e40 (24 bytes)
1734538079.926476 sending message 105 to peer 0x555e18109e40 (34 bytes)
1734538079.926493 sending message 105 to peer 0x555e18109e40 (23 bytes)
1734538079.926510 sending message 105 to peer 0x555e18109e40 (21 bytes)
1734538079.926527 sending message 105 to peer 0x555e18109e40 (32 bytes)
1734538079.926544 sending message 105 to peer 0x555e18109e40 (10 bytes)
1734538079.926561 sending message 105 to peer 0x555e18109e40 (13 bytes)
1734538079.926578 sending message 105 to peer 0x555e18109e40 (30 bytes)
1734538079.926595 sending message 105 to peer 0x555e18109e40 (11 bytes)
1734538079.926612 sending message 105 to peer 0x555e18109e40 (8 bytes)
1734538079.926629 sending message 105 to peer 0x555e18109e40 (14 bytes)
1734538079.926646 sending message 105 to peer 0x555e18109e40 (11 bytes)
1734538079.926663 sending message 105 to peer 0x555e18109e40 (18 bytes)
1734538079.926680 sending message 105 to peer 0x555e18109e40 (21 bytes)
1734538079.926697 sending message 105 to peer 0x555e18109e40 (31 bytes)
1734538079.926714 sending message 105 to peer 0x555e18109e40 (30 bytes)
1734538079.926731 sending message 105 to peer 0x555e18109e40 (156 bytes)
1734538079.926749 sending message 105 to peer 0x555e18109e40 (267 bytes)
1734538079.926766 sending message 105 to peer 0x555e18109e40 (20 bytes)
1734538079.926783 sending message 105 to peer 0x555e18109e40 (54 bytes)
1734538079.926801 sending message 105 to peer 0x555e18109e40 (51 bytes)
1734538079.926818 sending message 105 to peer 0x555e18109e40 (18 bytes)
1734538079.926835 sending message 105 to peer 0x555e18109e40 (16 bytes)
1734538079.926852 sending message 106 to peer 0x555e18109e40 (0 bytes)
1734538079.926875 sending message 200 to peer 0x555e18109e40 (4 bytes)
1734538079.926891 client loop enter
1734538079.927895 peer 0x555e18109e40 message 303
1734538079.927920 open write file 2 -
1734538079.927947 sending message 305 to peer 0x555e18109e40 (8 bytes)
1734538079.927990 write check file 2
1734538079.928207 peer 0x555e18109e40 message 304
1734538079.928224 write 58 to file 2
1734538079.928244 peer 0x555e18109e40 message 203
1734538079.928259 file 2 58 bytes left
1734538079.928304 write check file 2
1734538079.928319 client loop exit
